<?xml version="1.0" encoding="UTF-8"?>
<!-- Generated by org.testng.reporters.JUnitReportReporter -->
<testsuite hostname="PAVAN09FA" failures="0" tests="1" name="testCases.TC_002_LoginTest" time="1.495" errors="0" timestamp="2022-11-17T10:25:12 IST" skipped="0">
  <testcase classname="testCases.TC_002_LoginTest" name="test_login" time="1.495"/>
  <system-out/>
</testsuite> <!-- testCases.TC_002_LoginTest -->
