<?xml version="1.0" encoding="UTF-8"?>
<!-- Generated by org.testng.reporters.JUnitReportReporter -->
<testsuite hostname="PAVAN09FA" failures="0" tests="1" name="testCases.TC_001_AccountRegistrationTest" time="4.616" errors="0" timestamp="2022-11-17T10:25:12 IST" skipped="0">
  <testcase classname="testCases.TC_001_AccountRegistrationTest" name="test_account_Registration" time="4.616"/>
  <system-out/>
</testsuite> <!-- testCases.TC_001_AccountRegistrationTest -->
