<?xml version="1.0" encoding="UTF-8"?>
<!-- Generated by org.testng.reporters.JUnitReportReporter -->
<testsuite hostname="DESKTOP-IS4CQ26" failures="0" tests="1" name="testCases.TC_005_AddToCartPageTest" time="3.630" errors="0" timestamp="2023-02-20T23:52:52 EST" skipped="0">
  <testcase classname="testCases.TC_005_AddToCartPageTest" name="test_addToCart" time="3.630"/>
  <system-out/>
</testsuite> <!-- testCases.TC_005_AddToCartPageTest -->
