<?xml version="1.0" encoding="UTF-8"?>
<!-- Generated by org.testng.reporters.JUnitReportReporter -->
<testsuite hostname="DESKTOP-IS4CQ26" failures="0" tests="1" name="testCases.TC_001_AccountRegistrationTest" time="3.949" errors="0" timestamp="2023-02-20T23:52:52 EST" skipped="0">
  <testcase classname="testCases.TC_001_AccountRegistrationTest" name="test_account_Registration" time="3.949"/>
  <system-out/>
</testsuite> <!-- testCases.TC_001_AccountRegistrationTest -->
